# JRE version: Java(TM) SE Runtime Environment (8.0_181-b13) (build 1.8.0_181-b13)
# Java VM: Java HotSpot(TM) 64-Bit Server VM (25.181-b13 mixed mode windows-amd64 compressed oops)
Heap:
 PSYoungGen      total 530432K, used 277648K [0x000000076b100000, 0x0000000792b80000, 0x00000007c0000000)
  eden space 489472K, 48% used [0x000000076b100000,0x0000000779827d68,0x0000000788f00000)
  from space 40960K, 99% used [0x000000078bd80000,0x000000078e57c4c0,0x000000078e580000)
  to   space 47616K, 0% used [0x0000000788f00000,0x0000000788f00000,0x000000078bd80000)
 ParOldGen       total 306176K, used 134373K [0x00000006c1200000, 0x00000006d3d00000, 0x000000076b100000)
  object space 306176K, 43% used [0x00000006c1200000,0x00000006c95397c8,0x00000006d3d00000)
 Metaspace       used 48268K, capacity 48871K, committed 49408K, reserved 1091584K
  class space    used 6740K, capacity 6907K, committed 6912K, reserved 1048576K
GC Heap History (10 events):
Event: 10.173 GC heap before
{Heap before GC invocations=19 (full 2):
 PSYoungGen      total 408576K, used 352879K [0x000000076b100000, 0x0000000786000000, 0x00000007c0000000)
  eden space 389120K, 86% used [0x000000076b100000,0x000000077f9aa278,0x0000000782d00000)
  from space 19456K, 83% used [0x0000000784d00000,0x0000000785cf1a58,0x0000000786000000)
  to   space 26112K, 0% used [0x0000000782d00000,0x0000000782d00000,0x0000000784680000)
 ParOldGen       total 159744K, used 85893K [0x00000006c1200000, 0x00000006cae00000, 0x000000076b100000)
  object space 159744K, 53% used [0x00000006c1200000,0x00000006c65e1768,0x00000006cae00000)
 Metaspace       used 35603K, capacity 35985K, committed 36224K, reserved 1081344K
  class space    used 4808K, capacity 4946K, committed 4992K, reserved 1048576K
Event: 10.197 GC heap after
Heap after GC invocations=19 (full 2):
 PSYoungGen      total 415232K, used 26091K [0x000000076b100000, 0x000000078f100000, 0x00000007c0000000)
  eden space 389120K, 0% used [0x000000076b100000,0x000000076b100000,0x0000000782d00000)
  from space 26112K, 99% used [0x0000000782d00000,0x000000078467afd8,0x0000000784680000)
  to   space 39424K, 0% used [0x000000078ca80000,0x000000078ca80000,0x000000078f100000)
 ParOldGen       total 159744K, used 113796K [0x00000006c1200000, 0x00000006cae00000, 0x000000076b100000)
  object space 159744K, 71% used [0x00000006c1200000,0x00000006c8121350,0x00000006cae00000)
 Metaspace       used 35603K, capacity 35985K, committed 36224K, reserved 1081344K
  class space    used 4808K, capacity 4946K, committed 4992K, reserved 1048576K
}
Event: 10.197 GC heap before
{Heap before GC invocations=20 (full 3):
 PSYoungGen      total 415232K, used 26091K [0x000000076b100000, 0x000000078f100000, 0x00000007c0000000)
  eden space 389120K, 0% used [0x000000076b100000,0x000000076b100000,0x0000000782d00000)
  from space 26112K, 99% used [0x0000000782d00000,0x000000078467afd8,0x0000000784680000)
  to   space 39424K, 0% used [0x000000078ca80000,0x000000078ca80000,0x000000078f100000)
 ParOldGen       total 159744K, used 113796K [0x00000006c1200000, 0x00000006cae00000, 0x000000076b100000)
  object space 159744K, 71% used [0x00000006c1200000,0x00000006c8121350,0x00000006cae00000)
 Metaspace       used 35603K, capacity 35985K, committed 36224K, reserved 1081344K
  class space    used 4808K, capacity 4946K, committed 4992K, reserved 1048576K
Event: 10.422 GC heap after
Heap after GC invocations=20 (full 3):
 PSYoungGen      total 415232K, used 0K [0x000000076b100000, 0x000000078f100000, 0x00000007c0000000)
  eden space 389120K, 0% used [0x000000076b100000,0x000000076b100000,0x0000000782d00000)
  from space 26112K, 0% used [0x0000000782d00000,0x0000000782d00000,0x0000000784680000)
  to   space 39424K, 0% used [0x000000078ca80000,0x000000078ca80000,0x000000078f100000)
 ParOldGen       total 306176K, used 132051K [0x00000006c1200000, 0x00000006d3d00000, 0x000000076b100000)
  object space 306176K, 43% used [0x00000006c1200000,0x00000006c92f4f88,0x00000006d3d00000)
 Metaspace       used 35603K, capacity 35985K, committed 36224K, reserved 1081344K
  class space    used 4808K, capacity 4946K, committed 4992K, reserved 1048576K
}
Event: 11.797 GC heap before
{Heap before GC invocations=21 (full 3):
 PSYoungGen      total 415232K, used 389120K [0x000000076b100000, 0x000000078f100000, 0x00000007c0000000)
  eden space 389120K, 100% used [0x000000076b100000,0x0000000782d00000,0x0000000782d00000)
  from space 26112K, 0% used [0x0000000782d00000,0x0000000782d00000,0x0000000784680000)
  to   space 39424K, 0% used [0x000000078ca80000,0x000000078ca80000,0x000000078f100000)
 ParOldGen       total 306176K, used 132051K [0x00000006c1200000, 0x00000006d3d00000, 0x000000076b100000)
  object space 306176K, 43% used [0x00000006c1200000,0x00000006c92f4f88,0x00000006d3d00000)
 Metaspace       used 39656K, capacity 40127K, committed 40448K, reserved 1083392K
  class space    used 5378K, capacity 5559K, committed 5632K, reserved 1048576K
Event: 11.807 GC heap after
Heap after GC invocations=21 (full 3):
 PSYoungGen      total 462336K, used 21127K [0x000000076b100000, 0x000000078df80000, 0x00000007c0000000)
  eden space 440832K, 0% used [0x000000076b100000,0x000000076b100000,0x0000000785f80000)
  from space 21504K, 98% used [0x000000078ca80000,0x000000078df21ca8,0x000000078df80000)
  to   space 38400K, 0% used [0x0000000789480000,0x0000000789480000,0x000000078ba00000)
 ParOldGen       total 306176K, used 132059K [0x00000006c1200000, 0x00000006d3d00000, 0x000000076b100000)
  object space 306176K, 43% used [0x00000006c1200000,0x00000006c92f6f88,0x00000006d3d00000)
 Metaspace       used 39656K, capacity 40127K, committed 40448K, reserved 1083392K
  class space    used 5378K, capacity 5559K, committed 5632K, reserved 1048576K
}
Event: 12.963 GC heap before
{Heap before GC invocations=22 (full 3):
 PSYoungGen      total 462336K, used 461959K [0x000000076b100000, 0x000000078df80000, 0x00000007c0000000)
  eden space 440832K, 100% used [0x000000076b100000,0x0000000785f80000,0x0000000785f80000)
  from space 21504K, 98% used [0x000000078ca80000,0x000000078df21ca8,0x000000078df80000)
  to   space 38400K, 0% used [0x0000000789480000,0x0000000789480000,0x000000078ba00000)
 ParOldGen       total 306176K, used 132059K [0x00000006c1200000, 0x00000006d3d00000, 0x000000076b100000)
  object space 306176K, 43% used [0x00000006c1200000,0x00000006c92f6f88,0x00000006d3d00000)
 Metaspace       used 43948K, capacity 44471K, committed 44928K, reserved 1087488K
  class space    used 6022K, capacity 6217K, committed 6272K, reserved 1048576K
Event: 12.974 GC heap after
Heap after GC invocations=22 (full 3):
 PSYoungGen      total 533504K, used 30996K [0x000000076b100000, 0x000000078e580000, 0x00000007c0000000)
  eden space 495104K, 0% used [0x000000076b100000,0x000000076b100000,0x0000000789480000)
  from space 38400K, 80% used [0x0000000789480000,0x000000078b2c5388,0x000000078ba00000)
  to   space 40960K, 0% used [0x000000078bd80000,0x000000078bd80000,0x000000078e580000)
 ParOldGen       total 306176K, used 132067K [0x00000006c1200000, 0x00000006d3d00000, 0x000000076b100000)
  object space 306176K, 43% used [0x00000006c1200000,0x00000006c92f8f88,0x00000006d3d00000)
 Metaspace       used 43948K, capacity 44471K, committed 44928K, reserved 1087488K
  class space    used 6022K, capacity 6217K, committed 6272K, reserved 1048576K
}
Event: 14.494 GC heap before
{Heap before GC invocations=23 (full 3):
 PSYoungGen      total 533504K, used 526100K [0x000000076b100000, 0x000000078e580000, 0x00000007c0000000)
  eden space 495104K, 100% used [0x000000076b100000,0x0000000789480000,0x0000000789480000)
  from space 38400K, 80% used [0x0000000789480000,0x000000078b2c5388,0x000000078ba00000)
  to   space 40960K, 0% used [0x000000078bd80000,0x000000078bd80000,0x000000078e580000)
 ParOldGen       total 306176K, used 132067K [0x00000006c1200000, 0x00000006d3d00000, 0x000000076b100000)
  object space 306176K, 43% used [0x00000006c1200000,0x00000006c92f8f88,0x00000006d3d00000)
 Metaspace       used 47429K, capacity 47935K, committed 48640K, reserved 1091584K
  class space    used 6657K, capacity 6835K, committed 6912K, reserved 1048576K
Event: 14.508 GC heap after
Heap after GC invocations=23 (full 3):
 PSYoungGen      total 530432K, used 40945K [0x000000076b100000, 0x0000000792b80000, 0x00000007c0000000)
  eden space 489472K, 0% used [0x000000076b100000,0x000000076b100000,0x0000000788f00000)
  from space 40960K, 99% used [0x000000078bd80000,0x000000078e57c4c0,0x000000078e580000)
  to   space 47616K, 0% used [0x0000000788f00000,0x0000000788f00000,0x000000078bd80000)
 ParOldGen       total 306176K, used 134373K [0x00000006c1200000, 0x00000006d3d00000, 0x000000076b100000)
  object space 306176K, 43% used [0x00000006c1200000,0x00000006c95397c8,0x00000006d3d00000)
 Metaspace       used 47429K, capacity 47935K, committed 48640K, reserved 1091584K
  class space    used 6657K, capacity 6835K, committed 6912K, reserved 1048576K
}

