# JRE version: Java(TM) SE Runtime Environment (8.0_181-b13) (build 1.8.0_181-b13)
# Java VM: Java HotSpot(TM) 64-Bit Server VM (25.181-b13 mixed mode windows-amd64 compressed oops)
Heap:
 PSYoungGen      total 677888K, used 562564K [0x000000076b100000, 0x0000000797d80000, 0x00000007c0000000)
  eden space 629760K, 83% used [0x000000076b100000,0x000000078b06e340,0x0000000791800000)
  from space 48128K, 80% used [0x0000000794a80000,0x0000000797072d20,0x0000000797980000)
  to   space 51712K, 0% used [0x0000000791800000,0x0000000791800000,0x0000000794a80000)
 ParOldGen       total 293888K, used 130952K [0x00000006c1200000, 0x00000006d3100000, 0x000000076b100000)
  object space 293888K, 44% used [0x00000006c1200000,0x00000006c91e20a0,0x00000006d3100000)
 Metaspace       used 48284K, capacity 48807K, committed 49408K, reserved 1091584K
  class space    used 6740K, capacity 6907K, committed 6912K, reserved 1048576K
GC Heap History (10 events):
Event: 9.819 GC heap before
{Heap before GC invocations=15 (full 2):
 PSYoungGen      total 447488K, used 421822K [0x000000076b100000, 0x0000000790e00000, 0x00000007c0000000)
  eden space 406528K, 100% used [0x000000076b100000,0x0000000783e00000,0x0000000783e00000)
  from space 40960K, 37% used [0x0000000786480000,0x000000078736f930,0x0000000788c80000)
  to   space 39424K, 0% used [0x0000000783e00000,0x0000000783e00000,0x0000000786480000)
 ParOldGen       total 155648K, used 72236K [0x00000006c1200000, 0x00000006caa00000, 0x000000076b100000)
  object space 155648K, 46% used [0x00000006c1200000,0x00000006c588b0c0,0x00000006caa00000)
 Metaspace       used 34808K, capacity 35175K, committed 35584K, reserved 1079296K
  class space    used 4712K, capacity 4847K, committed 4864K, reserved 1048576K
Event: 9.832 GC heap after
Heap after GC invocations=15 (full 2):
 PSYoungGen      total 445952K, used 20464K [0x000000076b100000, 0x0000000790200000, 0x00000007c0000000)
  eden space 406528K, 0% used [0x000000076b100000,0x000000076b100000,0x0000000783e00000)
  from space 39424K, 51% used [0x0000000783e00000,0x00000007851fc290,0x0000000786480000)
  to   space 37888K, 0% used [0x000000078dd00000,0x000000078dd00000,0x0000000790200000)
 ParOldGen       total 155648K, used 83614K [0x00000006c1200000, 0x00000006caa00000, 0x000000076b100000)
  object space 155648K, 53% used [0x00000006c1200000,0x00000006c63a7920,0x00000006caa00000)
 Metaspace       used 34808K, capacity 35175K, committed 35584K, reserved 1079296K
  class space    used 4712K, capacity 4847K, committed 4864K, reserved 1048576K
}
Event: 10.937 GC heap before
{Heap before GC invocations=16 (full 2):
 PSYoungGen      total 445952K, used 283006K [0x000000076b100000, 0x0000000790200000, 0x00000007c0000000)
  eden space 406528K, 64% used [0x000000076b100000,0x000000077b163678,0x0000000783e00000)
  from space 39424K, 51% used [0x0000000783e00000,0x00000007851fc290,0x0000000786480000)
  to   space 37888K, 0% used [0x000000078dd00000,0x000000078dd00000,0x0000000790200000)
 ParOldGen       total 155648K, used 83614K [0x00000006c1200000, 0x00000006caa00000, 0x000000076b100000)
  object space 155648K, 53% used [0x00000006c1200000,0x00000006c63a7920,0x00000006caa00000)
 Metaspace       used 35611K, capacity 35985K, committed 36224K, reserved 1081344K
  class space    used 4805K, capacity 4946K, committed 4992K, reserved 1048576K
Event: 10.962 GC heap after
Heap after GC invocations=16 (full 2):
 PSYoungGen      total 558080K, used 37860K [0x000000076b100000, 0x0000000791d00000, 0x00000007c0000000)
  eden space 520192K, 0% used [0x000000076b100000,0x000000076b100000,0x000000078ad00000)
  from space 37888K, 99% used [0x000000078dd00000,0x00000007901f9258,0x0000000790200000)
  to   space 49152K, 0% used [0x000000078ad00000,0x000000078ad00000,0x000000078dd00000)
 ParOldGen       total 155648K, used 99976K [0x00000006c1200000, 0x00000006caa00000, 0x000000076b100000)
  object space 155648K, 64% used [0x00000006c1200000,0x00000006c73a2238,0x00000006caa00000)
 Metaspace       used 35611K, capacity 35985K, committed 36224K, reserved 1081344K
  class space    used 4805K, capacity 4946K, committed 4992K, reserved 1048576K
}
Event: 10.962 GC heap before
{Heap before GC invocations=17 (full 3):
 PSYoungGen      total 558080K, used 37860K [0x000000076b100000, 0x0000000791d00000, 0x00000007c0000000)
  eden space 520192K, 0% used [0x000000076b100000,0x000000076b100000,0x000000078ad00000)
  from space 37888K, 99% used [0x000000078dd00000,0x00000007901f9258,0x0000000790200000)
  to   space 49152K, 0% used [0x000000078ad00000,0x000000078ad00000,0x000000078dd00000)
 ParOldGen       total 155648K, used 99976K [0x00000006c1200000, 0x00000006caa00000, 0x000000076b100000)
  object space 155648K, 64% used [0x00000006c1200000,0x00000006c73a2238,0x00000006caa00000)
 Metaspace       used 35611K, capacity 35985K, committed 36224K, reserved 1081344K
  class space    used 4805K, capacity 4946K, committed 4992K, reserved 1048576K
Event: 11.190 GC heap after
Heap after GC invocations=17 (full 3):
 PSYoungGen      total 558080K, used 0K [0x000000076b100000, 0x0000000791d00000, 0x00000007c0000000)
  eden space 520192K, 0% used [0x000000076b100000,0x000000076b100000,0x000000078ad00000)
  from space 37888K, 0% used [0x000000078dd00000,0x000000078dd00000,0x0000000790200000)
  to   space 49152K, 0% used [0x000000078ad00000,0x000000078ad00000,0x000000078dd00000)
 ParOldGen       total 293888K, used 130936K [0x00000006c1200000, 0x00000006d3100000, 0x000000076b100000)
  object space 293888K, 44% used [0x00000006c1200000,0x00000006c91de0a0,0x00000006d3100000)
 Metaspace       used 35611K, capacity 35985K, committed 36224K, reserved 1081344K
  class space    used 4805K, capacity 4946K, committed 4992K, reserved 1048576K
}
Event: 13.098 GC heap before
{Heap before GC invocations=18 (full 3):
 PSYoungGen      total 558080K, used 520192K [0x000000076b100000, 0x0000000791d00000, 0x00000007c0000000)
  eden space 520192K, 100% used [0x000000076b100000,0x000000078ad00000,0x000000078ad00000)
  from space 37888K, 0% used [0x000000078dd00000,0x000000078dd00000,0x0000000790200000)
  to   space 49152K, 0% used [0x000000078ad00000,0x000000078ad00000,0x000000078dd00000)
 ParOldGen       total 293888K, used 130936K [0x00000006c1200000, 0x00000006d3100000, 0x000000076b100000)
  object space 293888K, 44% used [0x00000006c1200000,0x00000006c91de0a0,0x00000006d3100000)
 Metaspace       used 40730K, capacity 41193K, committed 41600K, reserved 1085440K
  class space    used 5550K, capacity 5722K, committed 5760K, reserved 1048576K
Event: 13.108 GC heap after
Heap after GC invocations=18 (full 3):
 PSYoungGen      total 569344K, used 25697K [0x000000076b100000, 0x0000000797980000, 0x00000007c0000000)
  eden space 520192K, 0% used [0x000000076b100000,0x000000076b100000,0x000000078ad00000)
  from space 49152K, 52% used [0x000000078ad00000,0x000000078c6187f8,0x000000078dd00000)
  to   space 48128K, 0% used [0x0000000794a80000,0x0000000794a80000,0x0000000797980000)
 ParOldGen       total 293888K, used 130944K [0x00000006c1200000, 0x00000006d3100000, 0x000000076b100000)
  object space 293888K, 44% used [0x00000006c1200000,0x00000006c91e00a0,0x00000006d3100000)
 Metaspace       used 40730K, capacity 41193K, committed 41600K, reserved 1085440K
  class space    used 5550K, capacity 5722K, committed 5760K, reserved 1048576K
}
Event: 14.435 GC heap before
{Heap before GC invocations=19 (full 3):
 PSYoungGen      total 569344K, used 545889K [0x000000076b100000, 0x0000000797980000, 0x00000007c0000000)
  eden space 520192K, 100% used [0x000000076b100000,0x000000078ad00000,0x000000078ad00000)
  from space 49152K, 52% used [0x000000078ad00000,0x000000078c6187f8,0x000000078dd00000)
  to   space 48128K, 0% used [0x0000000794a80000,0x0000000794a80000,0x0000000797980000)
 ParOldGen       total 293888K, used 130944K [0x00000006c1200000, 0x00000006d3100000, 0x000000076b100000)
  object space 293888K, 44% used [0x00000006c1200000,0x00000006c91e00a0,0x00000006d3100000)
 Metaspace       used 45375K, capacity 45895K, committed 46592K, reserved 1089536K
  class space    used 6351K, capacity 6541K, committed 6656K, reserved 1048576K
Event: 14.451 GC heap after
Heap after GC invocations=19 (full 3):
 PSYoungGen      total 677888K, used 38859K [0x000000076b100000, 0x0000000797d80000, 0x00000007c0000000)
  eden space 629760K, 0% used [0x000000076b100000,0x000000076b100000,0x0000000791800000)
  from space 48128K, 80% used [0x0000000794a80000,0x0000000797072d20,0x0000000797980000)
  to   space 51712K, 0% used [0x0000000791800000,0x0000000791800000,0x0000000794a80000)
 ParOldGen       total 293888K, used 130952K [0x00000006c1200000, 0x00000006d3100000, 0x000000076b100000)
  object space 293888K, 44% used [0x00000006c1200000,0x00000006c91e20a0,0x00000006d3100000)
 Metaspace       used 45375K, capacity 45895K, committed 46592K, reserved 1089536K
  class space    used 6351K, capacity 6541K, committed 6656K, reserved 1048576K
}

